<?xml version="1.0" encoding="UTF-8"?>
<!-- Generated by org.testng.reporters.JUnitXMLReporter -->
<testsuite ignored="0" hostname="LAPTOP-8U34QK0F" failures="0" tests="7" name="Test" time="158.24" errors="0" timestamp="2026-01-15T00:07:27 IST">
  <testcase classname="FinalProject.Logintest" name="Login" time="8.171"/>
  <testcase classname="FinalProject.order_history" name="Order_History" time="27.602"/>
  <testcase classname="FinalProject.Addproducttest" name="Addproduct" time="19.715"/>
  <testcase classname="FinalProject.Searchtest" name="search" time="33.578"/>
  <testcase classname="FinalProject.user_registrationtest" name="user_registration" time="8.074"/>
  <testcase classname="FinalProject.Wishlisttest" name="Wishlist" time="40.287"/>
  <testcase classname="FinalProject.ProductComparisontest" name="ProductComparison" time="20.764"/>
</testsuite> <!-- Test -->
