<?xml version="1.0" encoding="UTF-8"?>
<!-- Generated by org.testng.reporters.JUnitXMLReporter -->
<testsuite ignored="0" hostname="LAPTOP-8U34QK0F" failures="0" tests="7" name="Test" time="149.764" errors="0" timestamp="2026-01-15T16:49:04 IST">
  <testcase classname="FinalProject.Logintest" name="Login" time="8.407"/>
  <testcase classname="FinalProject.order_history" name="Order_History" time="14.847"/>
  <testcase classname="FinalProject.Addproducttest" name="Addproduct" time="20.354"/>
  <testcase classname="FinalProject.Searchtest" name="search" time="34.139"/>
  <testcase classname="FinalProject.user_registrationtest" name="user_registration" time="8.747"/>
  <testcase classname="FinalProject.Wishlisttest" name="Wishlist" time="41.837"/>
  <testcase classname="FinalProject.ProductComparisontest" name="ProductComparison" time="21.396"/>
</testsuite> <!-- Test -->
