<?xml version="1.0" encoding="UTF-8"?>
<testng-results ignored="0" total="7" passed="7" failed="0" skipped="0">
  <reporter-output>
  </reporter-output>
  <suite started-at="2026-01-15T00:04:49 IST" name="Suite" finished-at="2026-01-15T00:07:27 IST" duration-ms="158240">
    <groups>
    </groups>
    <test started-at="2026-01-15T00:04:49 IST" name="Test" finished-at="2026-01-15T00:07:27 IST" duration-ms="158240">
      <class name="FinalProject.ProductComparisontest">
        <test-method signature="ProductComparison()[pri:7, instance:FinalProject.ProductComparisontest@40dd3977]" started-at="2026-01-15T00:07:06 IST" name="ProductComparison" finished-at="2026-01-15T00:07:27 IST" duration-ms="20764" status="PASS">
          <reporter-output>
          </reporter-output>
        </test-method> <!-- ProductComparison -->
      </class> <!-- FinalProject.ProductComparisontest -->
      <class name="FinalProject.Searchtest">
        <test-method signature="search()[pri:6, instance:FinalProject.Searchtest@56bca85b]" started-at="2026-01-15T00:05:44 IST" name="search" finished-at="2026-01-15T00:06:18 IST" duration-ms="33578" status="PASS">
          <reporter-output>
          </reporter-output>
        </test-method> <!-- search -->
      </class> <!-- FinalProject.Searchtest -->
      <class name="FinalProject.user_registrationtest">
        <test-method signature="user_registration()[pri:1, instance:FinalProject.user_registrationtest@26a4842b]" started-at="2026-01-15T00:06:18 IST" name="user_registration" finished-at="2026-01-15T00:06:26 IST" duration-ms="8074" status="PASS">
          <reporter-output>
          </reporter-output>
        </test-method> <!-- user_registration -->
      </class> <!-- FinalProject.user_registrationtest -->
      <class name="FinalProject.Wishlisttest">
        <test-method signature="Wishlist()[pri:5, instance:FinalProject.Wishlisttest@64beebb7]" started-at="2026-01-15T00:06:26 IST" name="Wishlist" finished-at="2026-01-15T00:07:06 IST" duration-ms="40287" status="PASS">
          <reporter-output>
          </reporter-output>
        </test-method> <!-- Wishlist -->
      </class> <!-- FinalProject.Wishlisttest -->
      <class name="FinalProject.order_history">
        <test-method signature="Order_History()[pri:4, instance:FinalProject.order_history@53142455]" started-at="2026-01-15T00:04:57 IST" name="Order_History" finished-at="2026-01-15T00:05:25 IST" duration-ms="27602" status="PASS">
          <reporter-output>
          </reporter-output>
        </test-method> <!-- Order_History -->
      </class> <!-- FinalProject.order_history -->
      <class name="FinalProject.Logintest">
        <test-method signature="Login()[pri:2, instance:FinalProject.Logintest@6e35bc3d]" started-at="2026-01-15T00:04:49 IST" name="Login" finished-at="2026-01-15T00:04:57 IST" duration-ms="8171" status="PASS">
          <reporter-output>
          </reporter-output>
        </test-method> <!-- Login -->
      </class> <!-- FinalProject.Logintest -->
      <class name="FinalProject.Addproducttest">
        <test-method signature="Addproduct()[pri:3, instance:FinalProject.Addproducttest@62f68dff]" started-at="2026-01-15T00:05:25 IST" name="Addproduct" finished-at="2026-01-15T00:05:44 IST" duration-ms="19715" status="PASS">
          <reporter-output>
          </reporter-output>
        </test-method> <!-- Addproduct -->
      </class> <!-- FinalProject.Addproducttest -->
    </test> <!-- Test -->
  </suite> <!-- Suite -->
</testng-results>
